<?xml version="1.0" encoding="UTF-8"?>
<testsuite name="test.java.adidas.usecases.Test_ForgottenPasswordFieldValidation" tests="2" skipped="0" failures="2" errors="0" timestamp="2018-02-04T23:04:06" hostname="0125-MAC" time="68.519">
  <properties/>
  <testcase name="testNewsLetterSignUp[0](chrome, null, MAC, public void test.java.adidas.usecases.Test_ForgottenPasswordFieldValidation.testNewsLetterSignUp(java.lang.String,java.lang.String,java.lang.String,java.lang.reflect.Method) throws java.io.IOException,java.lang.InterruptedException)" classname="test.java.adidas.usecases.Test_ForgottenPasswordFieldValidation" time="25.611">
    <failure message="java.lang.AssertionError: Error message about missing email was not displayed when trying to submit the forgotten password form without email&#10;Expected: is &lt;true&gt;&#10;     but: was &lt;false&gt;" type="java.lang.AssertionError">java.lang.AssertionError: Error message about missing email was not displayed when trying to submit the forgotten password form without email
Expected: is &lt;true&gt;
     but: was &lt;false&gt;
	at org.hamcrest.MatcherAssert.assertThat(MatcherAssert.java:18)
	at test.java.adidas.usecases.Test_ForgottenPasswordFieldValidation.testNewsLetterSignUp(Test_ForgottenPasswordFieldValidation.java:47)
	at sun.reflect.NativeMethodAccessorImpl.invoke0(Native Method)
	at sun.reflect.NativeMethodAccessorImpl.invoke(NativeMethodAccessorImpl.java:62)
	at sun.reflect.DelegatingMethodAccessorImpl.invoke(DelegatingMethodAccessorImpl.java:43)
	at java.lang.reflect.Method.invoke(Method.java:498)
	at org.testng.internal.MethodInvocationHelper.invokeMethod(MethodInvocationHelper.java:108)
	at org.testng.internal.Invoker.invokeMethod(Invoker.java:661)
	at org.testng.internal.Invoker.invokeTestMethod(Invoker.java:869)
	at org.testng.internal.Invoker.invokeTestMethods(Invoker.java:1193)
	at org.testng.internal.TestMethodWorker.invokeTestMethods(TestMethodWorker.java:126)
	at org.testng.internal.TestMethodWorker.run(TestMethodWorker.java:109)
	at java.util.concurrent.ThreadPoolExecutor.runWorker(ThreadPoolExecutor.java:1142)
	at java.util.concurrent.ThreadPoolExecutor$Worker.run(ThreadPoolExecutor.java:617)
	at java.lang.Thread.run(Thread.java:745)
</failure>
  </testcase>
  <testcase name="testNewsLetterSignUp[1](firefox, null, MAC, public void test.java.adidas.usecases.Test_ForgottenPasswordFieldValidation.testNewsLetterSignUp(java.lang.String,java.lang.String,java.lang.String,java.lang.reflect.Method) throws java.io.IOException,java.lang.InterruptedException)" classname="test.java.adidas.usecases.Test_ForgottenPasswordFieldValidation" time="41.831">
    <failure message="java.lang.AssertionError: Error message about missing email was not displayed when trying to submit the forgotten password form without email&#10;Expected: is &lt;true&gt;&#10;     but: was &lt;false&gt;" type="java.lang.AssertionError">java.lang.AssertionError: Error message about missing email was not displayed when trying to submit the forgotten password form without email
Expected: is &lt;true&gt;
     but: was &lt;false&gt;
	at org.hamcrest.MatcherAssert.assertThat(MatcherAssert.java:18)
	at test.java.adidas.usecases.Test_ForgottenPasswordFieldValidation.testNewsLetterSignUp(Test_ForgottenPasswordFieldValidation.java:47)
	at sun.reflect.NativeMethodAccessorImpl.invoke0(Native Method)
	at sun.reflect.NativeMethodAccessorImpl.invoke(NativeMethodAccessorImpl.java:62)
	at sun.reflect.DelegatingMethodAccessorImpl.invoke(DelegatingMethodAccessorImpl.java:43)
	at java.lang.reflect.Method.invoke(Method.java:498)
	at org.testng.internal.MethodInvocationHelper.invokeMethod(MethodInvocationHelper.java:108)
	at org.testng.internal.Invoker.invokeMethod(Invoker.java:661)
	at org.testng.internal.Invoker.invokeTestMethod(Invoker.java:869)
	at org.testng.internal.Invoker.invokeTestMethods(Invoker.java:1193)
	at org.testng.internal.TestMethodWorker.invokeTestMethods(TestMethodWorker.java:126)
	at org.testng.internal.TestMethodWorker.run(TestMethodWorker.java:109)
	at java.util.concurrent.ThreadPoolExecutor.runWorker(ThreadPoolExecutor.java:1142)
	at java.util.concurrent.ThreadPoolExecutor$Worker.run(ThreadPoolExecutor.java:617)
	at java.lang.Thread.run(Thread.java:745)
</failure>
  </testcase>
  <system-out><![CDATA[]]></system-out>
  <system-err><![CDATA[1517785473491	geckodriver	INFO	geckodriver 0.18.0
1517785473499	geckodriver	INFO	Listening on 127.0.0.1:7591
1517785473643	geckodriver::marionette	INFO	Starting browser /Applications/Firefox.app/Contents/MacOS/firefox-bin with args ["-marionette"]
1517785474191	Marionette	INFO	Listening on port 52533
1517785474246	Marionette	WARN	TLS certificate errors will be ignored for this session
Feb 04, 2018 11:04:34 PM org.openqa.selenium.remote.ProtocolHandshake createSession
INFO: Detected dialect: W3C
2018-02-04 23:04:35.094 plugin-container[35780:684231] *** CFMessagePort: bootstrap_register(): failed 1100 (0x44c) 'Permission denied', port = 0xa127, name = 'com.apple.tsm.portname'
See /usr/include/servers/bootstrap_defs.h for the error codes.
1517785475503	Marionette	INFO	Enabled via --marionette
2018-02-04 23:04:37.132 plugin-container[35783:684347] *** CFMessagePort: bootstrap_register(): failed 1100 (0x44c) 'Permission denied', port = 0xa437, name = 'com.apple.tsm.portname'
See /usr/include/servers/bootstrap_defs.h for the error codes.
1517785478701	Marionette	INFO	Listening on port 52726
1517785478860	Marionette	WARN	TLS certificate errors will be ignored for this session
Feb 04, 2018 11:04:39 PM org.openqa.selenium.remote.ProtocolHandshake createSession
INFO: Detected dialect: W3C
2018-02-04 23:04:39.702 plugin-container[35784:684402] *** CFMessagePort: bootstrap_register(): failed 1100 (0x44c) 'Permission denied', port = 0x9f37, name = 'com.apple.tsm.portname'
See /usr/include/servers/bootstrap_defs.h for the error codes.
JavaScript warning: https://mathid.mathtag.com/d/i.js, line 1: unreachable code after return statement
JavaScript warning: https://mathid.mathtag.com/d/i.js, line 1: unreachable code after return statement
]]></system-err>
</testsuite>
